<?xml version="1.0" encoding="utf-8"?><testsuites name="pytest tests"><testsuite name="pytest" errors="0" failures="1" skipped="0" tests="9" time="21.326" timestamp="2026-05-06T16:08:51.625328+00:00" hostname="agent-env-d5840b7e-9c8b-42e8-96f3-7785a1e486e6"><testcase classname="tests.test_rune_api.TestRuneAPI" name="test_health_check" time="0.925" /><testcase classname="tests.test_rune_api.TestRuneAPI" name="test_get_all_runes" time="3.274" /><testcase classname="tests.test_rune_api.TestRuneAPI" name="test_draw_rune" time="0.432" /><testcase classname="tests.test_rune_api.TestRuneAPI" name="test_draw_multiple_runes_randomness" time="3.434" /><testcase classname="tests.test_rune_api.TestRuneAPI" name="test_save_reading_and_verify" time="1.677" /><testcase classname="tests.test_rune_api.TestRuneAPI" name="test_get_readings_empty" time="1.418" /><testcase classname="tests.test_rune_api.TestRuneAPI" name="test_get_readings_sorted_by_timestamp" time="5.858" /><testcase classname="tests.test_rune_api.TestRuneAPI" name="test_clear_readings" time="3.707" /><testcase classname="tests.test_rune_api.TestRuneAPI" name="test_save_reading_invalid_rune_id" time="0.506"><failure message="assert 500 == 200&#10; +  where 500 = &lt;Response [500]&gt;.status_code">tests/test_rune_api.py:182: in test_save_reading_invalid_rune_id
    assert save_response.status_code == 200
E   assert 500 == 200
E    +  where 500 = &lt;Response [500]&gt;.status_code</failure></testcase></testsuite></testsuites>